<?xml version="1.0" encoding="UTF-8"?>
<!-- Generated by org.testng.reporters.JUnitReportReporter -->
<testsuite hostname="f6a24f94247a530" failures="0" tests="7" name="com.qa.testscripts.FlipkartTestSuite" time="17.159" errors="0" timestamp="2023-10-10T16:01:41 IST" skipped="0">
  <testcase classname="com.qa.testscripts.FlipkartTestSuite" name="loginPopupClose" time="0.130"/>
  <system-out/>
  <testcase classname="com.qa.testscripts.FlipkartTestSuite" name="productSearch" time="3.699"/>
  <system-out/>
  <testcase classname="com.qa.testscripts.FlipkartTestSuite" name="firstNameLabelTest" time="0.137"/>
  <system-out/>
  <testcase classname="com.qa.testscripts.FlipkartTestSuite" name="swithToProductTab" time="0.025"/>
  <system-out/>
  <testcase classname="com.qa.testscripts.FlipkartTestSuite" name="addToShoppingCartTest" time="4.642"/>
  <system-out/>
  <testcase classname="com.qa.testscripts.FlipkartTestSuite" name="shoppingCartButtonTest" time="7.442"/>
  <system-out/>
  <testcase classname="com.qa.testscripts.FlipkartTestSuite" name="shoppingCartAddedTest" time="1.084"/>
  <system-out/>
</testsuite> <!-- com.qa.testscripts.FlipkartTestSuite -->
