<?xml version="1.0" encoding="UTF-8"?>
<!-- Generated by org.testng.reporters.JUnitReportReporter -->
<testsuite hostname="f6a24f94247a530" failures="0" tests="7" name="com.qa.testscripts.FlipkartTestSuite" time="18.839" errors="0" timestamp="2023-10-10T15:59:15 IST" skipped="0">
  <testcase classname="com.qa.testscripts.FlipkartTestSuite" name="loginPopupClose" time="0.149"/>
  <system-out/>
  <testcase classname="com.qa.testscripts.FlipkartTestSuite" name="productSearch" time="5.719"/>
  <system-out/>
  <testcase classname="com.qa.testscripts.FlipkartTestSuite" name="firstNameLabelTest" time="0.173"/>
  <system-out/>
  <testcase classname="com.qa.testscripts.FlipkartTestSuite" name="swithToProductTab" time="0.042"/>
  <system-out/>
  <testcase classname="com.qa.testscripts.FlipkartTestSuite" name="addToShoppingCartTest" time="3.577"/>
  <system-out/>
  <testcase classname="com.qa.testscripts.FlipkartTestSuite" name="shoppingCartButtonTest" time="6.605"/>
  <system-out/>
  <testcase classname="com.qa.testscripts.FlipkartTestSuite" name="shoppingCartAddedTest" time="2.574"/>
  <system-out/>
</testsuite> <!-- com.qa.testscripts.FlipkartTestSuite -->
