<?xml version="1.0" encoding="UTF-8"?>
<!-- Generated by org.testng.reporters.JUnitReportReporter -->
<testsuite hostname="f6a24f94247a530" failures="0" tests="1" name="TestAutomation.W3schools.Demo.TestAutomation.W3schools.Demo.AssignmentFour" time="10.501" errors="0" timestamp="2023-09-14T07:31:48 IST" skipped="0">
  <testcase classname="TestAutomation.W3schools.Demo.TestAutomation.W3schools.Demo.AssignmentFour" name="assignmentThree" time="10.501"/>
  <system-out/>
</testsuite> <!-- TestAutomation.W3schools.Demo.TestAutomation.W3schools.Demo.AssignmentFour -->
