<?xml version="1.0" encoding="UTF-8"?>
<!-- Generated by org.testng.reporters.JUnitReportReporter -->
<testsuite hostname="f6a24f94247a530" failures="0" tests="1" name="TestAutomation.W3schools.Demo.TestAutomation.W3schools.Demo.AssignmentThree" time="3.608" errors="0" timestamp="2023-09-14T06:33:54 IST" skipped="0">
  <testcase classname="TestAutomation.W3schools.Demo.TestAutomation.W3schools.Demo.AssignmentThree" name="assignmentThree" time="3.608"/>
</testsuite> <!-- TestAutomation.W3schools.Demo.TestAutomation.W3schools.Demo.AssignmentThree -->
